build/app/intermediates/manifest_merge_blame_file/release/manifest-merger-blame-release-report.txt
1<?xml version="1.0" encoding="utf-8"?>
2<manifest xmlns:android="http://schemas.android.com/apk/res/android"
3    package="com.jafton.morphzing"
4    android:versionCode="1"
5    android:versionName="1.0.0" >
6
7    <uses-sdk
8        android:minSdkVersion="19"
8-->src/main/AndroidManifest.xml
9        android:targetSdkVersion="31" />
9-->src/main/AndroidManifest.xml
10
11    <uses-permission android:name="android.permission.INTERNET" />
11-->src/main/AndroidManifest.xml:56:5-66
11-->src/main/AndroidManifest.xml:56:22-64
12
13    <meta-data
13-->src/main/AndroidManifest.xml:51:9-53:33
14        android:name="flutterEmbedding"
14-->src/main/AndroidManifest.xml:52:13-44
15        android:value="2" />
15-->src/main/AndroidManifest.xml:53:13-30
16
17    <uses-permission android:name="android.permission.ACCESS_NETWORK_STATE" />
17-->[:connectivity_plus] AndroidManifest.xml:7:5-79
17-->[:connectivity_plus] AndroidManifest.xml:7:22-76
18    <uses-permission android:name="android.permission.WAKE_LOCK" />
18-->[com.google.android.gms:play-services-measurement-api:21.1.1] AndroidManifest.xml:24:5-68
18-->[com.google.android.gms:play-services-measurement-api:21.1.1] AndroidManifest.xml:24:22-65
19    <uses-permission android:name="com.google.android.gms.permission.AD_ID" />
19-->[com.google.android.gms:play-services-measurement-api:21.1.1] AndroidManifest.xml:25:5-79
19-->[com.google.android.gms:play-services-measurement-api:21.1.1] AndroidManifest.xml:25:22-76
20    <uses-permission android:name="android.permission.BLUETOOTH" />
20-->[com.github.canardoux:flutter_sound_core:9.2.13] AndroidManifest.xml:11:5-68
20-->[com.github.canardoux:flutter_sound_core:9.2.13] AndroidManifest.xml:11:22-65
21    <uses-permission android:name="android.permission.MODIFY_AUDIO_SETTINGS" />
21-->[com.github.canardoux:flutter_sound_core:9.2.13] AndroidManifest.xml:13:5-80
21-->[com.github.canardoux:flutter_sound_core:9.2.13] AndroidManifest.xml:13:22-77
22
23    <queries>
23-->[com.facebook.android:facebook-common:14.1.1] AndroidManifest.xml:29:5-31:15
24        <package android:name="com.facebook.katana" />
24-->[com.facebook.android:facebook-common:14.1.1] AndroidManifest.xml:30:9-55
24-->[com.facebook.android:facebook-common:14.1.1] AndroidManifest.xml:30:18-52
25
26        <intent>
26-->[androidx.media:media:1.4.1] AndroidManifest.xml:25:9-27:18
27            <action android:name="android.media.browse.MediaBrowserService" />
27-->[androidx.media:media:1.4.1] AndroidManifest.xml:26:13-79
27-->[androidx.media:media:1.4.1] AndroidManifest.xml:26:21-76
28        </intent>
29    </queries>
30
31    <uses-permission android:name="com.google.android.finsky.permission.BIND_GET_INSTALL_REFERRER_SERVICE" />
31-->[com.google.android.gms:play-services-measurement:21.1.1] AndroidManifest.xml:26:5-110
31-->[com.google.android.gms:play-services-measurement:21.1.1] AndroidManifest.xml:26:22-107
32
33    <application
34        android:name="android.app.Application"
34-->src/main/AndroidManifest.xml:8:9-42
35        android:appComponentFactory="androidx.core.app.CoreComponentFactory"
35-->[androidx.core:core:1.8.0] AndroidManifest.xml:24:18-86
36        android:icon="@mipmap/launcher_icon"
36-->src/main/AndroidManifest.xml:9:9-45
37        android:label="MorphZing"
37-->src/main/AndroidManifest.xml:7:9-34
38        android:supportsRtl="true" >
38-->[com.facebook.android:facebook-login:14.1.1] AndroidManifest.xml:28:18-44
39        <activity
39-->src/main/AndroidManifest.xml:10:9-30:20
40            android:name="com.jafton.morphzing.MainActivity"
40-->src/main/AndroidManifest.xml:11:13-41
41            android:configChanges="orientation|keyboardHidden|keyboard|screenSize|smallestScreenSize|locale|layoutDirection|fontScale|screenLayout|density|uiMode"
41-->src/main/AndroidManifest.xml:15:13-163
42            android:exported="true"
42-->src/main/AndroidManifest.xml:12:13-36
43            android:hardwareAccelerated="true"
43-->src/main/AndroidManifest.xml:16:13-47
44            android:launchMode="singleTop"
44-->src/main/AndroidManifest.xml:13:13-43
45            android:theme="@style/LaunchTheme"
45-->src/main/AndroidManifest.xml:14:13-47
46            android:windowSoftInputMode="adjustResize" >
46-->src/main/AndroidManifest.xml:17:13-55
47
48            <!--
49                 Specifies an Android theme to apply to this Activity as soon as
50                 the Android process has started. This theme is visible to the user
51                 while the Flutter UI initializes. After that, this theme continues
52                 to determine the Window background behind the Flutter UI.
53            -->
54            <meta-data
54-->src/main/AndroidManifest.xml:22:13-25:17
55                android:name="io.flutter.embedding.android.NormalTheme"
55-->src/main/AndroidManifest.xml:23:15-70
56                android:resource="@style/NormalTheme" />
56-->src/main/AndroidManifest.xml:24:15-52
57
58            <intent-filter>
58-->src/main/AndroidManifest.xml:26:13-29:29
59                <action android:name="android.intent.action.MAIN" />
59-->src/main/AndroidManifest.xml:27:17-68
59-->src/main/AndroidManifest.xml:27:25-66
60
61                <category android:name="android.intent.category.LAUNCHER" />
61-->src/main/AndroidManifest.xml:28:17-76
61-->src/main/AndroidManifest.xml:28:27-74
62            </intent-filter>
63        </activity>
64
65        <meta-data
65-->src/main/AndroidManifest.xml:31:8-106
66            android:name="com.facebook.sdk.ApplicationId"
66-->src/main/AndroidManifest.xml:31:19-64
67            android:value="@string/facebook_app_id" />
67-->src/main/AndroidManifest.xml:31:65-104
68        <meta-data
68-->src/main/AndroidManifest.xml:32:8-110
69            android:name="com.facebook.sdk.ClientToken"
69-->src/main/AndroidManifest.xml:32:19-62
70            android:value="@string/facebook_client_token" />
70-->src/main/AndroidManifest.xml:32:63-108
71
72        <activity
72-->src/main/AndroidManifest.xml:34:8-37:47
73            android:name="com.facebook.FacebookActivity"
73-->src/main/AndroidManifest.xml:34:18-62
74            android:configChanges="keyboard|keyboardHidden|screenLayout|screenSize|orientation"
74-->src/main/AndroidManifest.xml:35:12-111
75            android:label="@string/app_name"
75-->src/main/AndroidManifest.xml:37:12-44
76            android:theme="@style/com_facebook_activity_theme" />
76-->[com.facebook.android:facebook-common:14.1.1] AndroidManifest.xml:37:13-63
77        <activity
77-->src/main/AndroidManifest.xml:38:8-47:19
78            android:name="com.facebook.CustomTabActivity"
78-->src/main/AndroidManifest.xml:39:12-57
79            android:exported="true" >
79-->src/main/AndroidManifest.xml:40:12-35
80            <intent-filter>
80-->src/main/AndroidManifest.xml:41:12-46:28
81                <action android:name="android.intent.action.VIEW" />
81-->src/main/AndroidManifest.xml:42:16-68
81-->src/main/AndroidManifest.xml:42:24-65
82
83                <category android:name="android.intent.category.DEFAULT" />
83-->src/main/AndroidManifest.xml:43:16-75
83-->src/main/AndroidManifest.xml:43:26-72
84                <category android:name="android.intent.category.BROWSABLE" />
84-->src/main/AndroidManifest.xml:44:16-77
84-->src/main/AndroidManifest.xml:44:26-74
85
86                <data android:scheme="@string/fb_login_protocol_scheme" />
86-->src/main/AndroidManifest.xml:45:16-74
86-->src/main/AndroidManifest.xml:45:22-71
87            </intent-filter>
88            <intent-filter>
88-->[com.facebook.android:facebook-common:14.1.1] AndroidManifest.xml:43:13-52:29
89                <action android:name="android.intent.action.VIEW" />
89-->src/main/AndroidManifest.xml:42:16-68
89-->src/main/AndroidManifest.xml:42:24-65
90
91                <category android:name="android.intent.category.DEFAULT" />
91-->src/main/AndroidManifest.xml:43:16-75
91-->src/main/AndroidManifest.xml:43:26-72
92                <category android:name="android.intent.category.BROWSABLE" />
92-->src/main/AndroidManifest.xml:44:16-77
92-->src/main/AndroidManifest.xml:44:26-74
93
94                <data
94-->src/main/AndroidManifest.xml:45:16-74
95                    android:host="cct.com.jafton.morphzing"
96                    android:scheme="fbconnect" />
96-->src/main/AndroidManifest.xml:45:22-71
97            </intent-filter>
98        </activity>
99
100        <!--
101            Don't delete the meta-data below.
102            This is used by the Flutter tool to generate GeneratedPluginRegistrant.java
103        -->
104        <meta-data
104-->src/main/AndroidManifest.xml:51:9-53:33
105            android:name="flutterEmbedding"
105-->src/main/AndroidManifest.xml:52:13-44
106            android:value="2" />
106-->src/main/AndroidManifest.xml:53:13-30
107
108        <service
108-->[:firebase_auth] AndroidManifest.xml:8:9-12:19
109            android:name="com.google.firebase.components.ComponentDiscoveryService"
109-->[:firebase_auth] AndroidManifest.xml:8:18-89
110            android:directBootAware="true"
110-->[com.google.firebase:firebase-common:20.1.2] AndroidManifest.xml:35:13-43
111            android:exported="false" >
111-->[com.google.firebase:firebase-analytics-ktx:21.1.1] AndroidManifest.xml:10:13-37
112            <meta-data
112-->[:firebase_auth] AndroidManifest.xml:9:13-11:85
113                android:name="com.google.firebase.components:io.flutter.plugins.firebase.auth.FlutterFirebaseAuthRegistrar"
113-->[:firebase_auth] AndroidManifest.xml:10:17-124
114                android:value="com.google.firebase.components.ComponentRegistrar" />
114-->[:firebase_auth] AndroidManifest.xml:11:17-82
115            <meta-data
115-->[:firebase_core] AndroidManifest.xml:9:13-11:85
116                android:name="com.google.firebase.components:io.flutter.plugins.firebase.core.FlutterFirebaseCoreRegistrar"
116-->[:firebase_core] AndroidManifest.xml:10:17-124
117                android:value="com.google.firebase.components.ComponentRegistrar" />
117-->[:firebase_core] AndroidManifest.xml:11:17-82
118            <meta-data
118-->[com.google.firebase:firebase-analytics-ktx:21.1.1] AndroidManifest.xml:11:13-13:85
119                android:name="com.google.firebase.components:com.google.firebase.analytics.ktx.FirebaseAnalyticsKtxRegistrar"
119-->[com.google.firebase:firebase-analytics-ktx:21.1.1] AndroidManifest.xml:12:17-126
120                android:value="com.google.firebase.components.ComponentRegistrar" />
120-->[com.google.firebase:firebase-analytics-ktx:21.1.1] AndroidManifest.xml:13:17-82
121            <meta-data
121-->[com.google.firebase:firebase-auth:21.0.8] AndroidManifest.xml:67:13-69:85
122                android:name="com.google.firebase.components:com.google.firebase.auth.FirebaseAuthRegistrar"
122-->[com.google.firebase:firebase-auth:21.0.8] AndroidManifest.xml:68:17-109
123                android:value="com.google.firebase.components.ComponentRegistrar" />
123-->[com.google.firebase:firebase-auth:21.0.8] AndroidManifest.xml:69:17-82
124            <meta-data
124-->[com.google.firebase:firebase-common-ktx:20.1.2] AndroidManifest.xml:15:13-17:85
125                android:name="com.google.firebase.components:com.google.firebase.ktx.FirebaseCommonKtxRegistrar"
125-->[com.google.firebase:firebase-common-ktx:20.1.2] AndroidManifest.xml:16:17-113
126                android:value="com.google.firebase.components.ComponentRegistrar" />
126-->[com.google.firebase:firebase-common-ktx:20.1.2] AndroidManifest.xml:17:17-82
127            <meta-data
127-->[com.google.android.gms:play-services-measurement-api:21.1.1] AndroidManifest.xml:31:13-33:85
128                android:name="com.google.firebase.components:com.google.firebase.analytics.connector.internal.AnalyticsConnectorRegistrar"
128-->[com.google.android.gms:play-services-measurement-api:21.1.1] AndroidManifest.xml:32:17-139
129                android:value="com.google.firebase.components.ComponentRegistrar" />
129-->[com.google.android.gms:play-services-measurement-api:21.1.1] AndroidManifest.xml:33:17-82
130            <meta-data
130-->[com.google.firebase:firebase-installations:17.0.3] AndroidManifest.xml:18:13-20:85
131                android:name="com.google.firebase.components:com.google.firebase.installations.FirebaseInstallationsRegistrar"
131-->[com.google.firebase:firebase-installations:17.0.3] AndroidManifest.xml:19:17-127
132                android:value="com.google.firebase.components.ComponentRegistrar" />
132-->[com.google.firebase:firebase-installations:17.0.3] AndroidManifest.xml:20:17-82
133        </service>
134
135        <provider
135-->[:image_picker_android] AndroidManifest.xml:8:9-16:20
136            android:name="io.flutter.plugins.imagepicker.ImagePickerFileProvider"
136-->[:image_picker_android] AndroidManifest.xml:9:13-82
137            android:authorities="com.jafton.morphzing.flutter.image_provider"
137-->[:image_picker_android] AndroidManifest.xml:10:13-74
138            android:exported="false"
138-->[:image_picker_android] AndroidManifest.xml:11:13-37
139            android:grantUriPermissions="true" >
139-->[:image_picker_android] AndroidManifest.xml:12:13-47
140            <meta-data
140-->[:image_picker_android] AndroidManifest.xml:13:13-15:75
141                android:name="android.support.FILE_PROVIDER_PATHS"
141-->[:image_picker_android] AndroidManifest.xml:14:17-67
142                android:resource="@xml/flutter_image_picker_file_paths" />
142-->[:image_picker_android] AndroidManifest.xml:15:17-72
143        </provider>
144
145        <activity
145-->[:url_launcher_android] AndroidManifest.xml:8:9-11:74
146            android:name="io.flutter.plugins.urllauncher.WebViewActivity"
146-->[:url_launcher_android] AndroidManifest.xml:9:13-74
147            android:exported="false"
147-->[:url_launcher_android] AndroidManifest.xml:10:13-37
148            android:theme="@android:style/Theme.NoTitleBar.Fullscreen" />
148-->[:url_launcher_android] AndroidManifest.xml:11:13-71
149
150        <uses-library
150-->[androidx.window:window:1.0.0-beta04] AndroidManifest.xml:25:9-27:40
151            android:name="androidx.window.extensions"
151-->[androidx.window:window:1.0.0-beta04] AndroidManifest.xml:26:13-54
152            android:required="false" />
152-->[androidx.window:window:1.0.0-beta04] AndroidManifest.xml:27:13-37
153        <uses-library
153-->[androidx.window:window:1.0.0-beta04] AndroidManifest.xml:28:9-30:40
154            android:name="androidx.window.sidecar"
154-->[androidx.window:window:1.0.0-beta04] AndroidManifest.xml:29:13-51
155            android:required="false" />
155-->[androidx.window:window:1.0.0-beta04] AndroidManifest.xml:30:13-37
156
157        <activity
157-->[com.google.firebase:firebase-auth:21.0.8] AndroidManifest.xml:27:9-44:20
158            android:name="com.google.firebase.auth.internal.GenericIdpActivity"
158-->[com.google.firebase:firebase-auth:21.0.8] AndroidManifest.xml:28:13-80
159            android:excludeFromRecents="true"
159-->[com.google.firebase:firebase-auth:21.0.8] AndroidManifest.xml:29:13-46
160            android:exported="true"
160-->[com.google.firebase:firebase-auth:21.0.8] AndroidManifest.xml:30:13-36
161            android:launchMode="singleTask"
161-->[com.google.firebase:firebase-auth:21.0.8] AndroidManifest.xml:31:13-44
162            android:theme="@android:style/Theme.Translucent.NoTitleBar" >
162-->[com.google.firebase:firebase-auth:21.0.8] AndroidManifest.xml:32:13-72
163            <intent-filter>
163-->[com.google.firebase:firebase-auth:21.0.8] AndroidManifest.xml:33:13-43:29
164                <action android:name="android.intent.action.VIEW" />
164-->src/main/AndroidManifest.xml:42:16-68
164-->src/main/AndroidManifest.xml:42:24-65
165
166                <category android:name="android.intent.category.DEFAULT" />
166-->src/main/AndroidManifest.xml:43:16-75
166-->src/main/AndroidManifest.xml:43:26-72
167                <category android:name="android.intent.category.BROWSABLE" />
167-->src/main/AndroidManifest.xml:44:16-77
167-->src/main/AndroidManifest.xml:44:26-74
168
169                <data
169-->src/main/AndroidManifest.xml:45:16-74
170                    android:host="firebase.auth"
171                    android:path="/"
172                    android:scheme="genericidp" />
172-->src/main/AndroidManifest.xml:45:22-71
173            </intent-filter>
174        </activity>
175        <activity
175-->[com.google.firebase:firebase-auth:21.0.8] AndroidManifest.xml:45:9-62:20
176            android:name="com.google.firebase.auth.internal.RecaptchaActivity"
176-->[com.google.firebase:firebase-auth:21.0.8] AndroidManifest.xml:46:13-79
177            android:excludeFromRecents="true"
177-->[com.google.firebase:firebase-auth:21.0.8] AndroidManifest.xml:47:13-46
178            android:exported="true"
178-->[com.google.firebase:firebase-auth:21.0.8] AndroidManifest.xml:48:13-36
179            android:launchMode="singleTask"
179-->[com.google.firebase:firebase-auth:21.0.8] AndroidManifest.xml:49:13-44
180            android:theme="@android:style/Theme.Translucent.NoTitleBar" >
180-->[com.google.firebase:firebase-auth:21.0.8] AndroidManifest.xml:50:13-72
181            <intent-filter>
181-->[com.google.firebase:firebase-auth:21.0.8] AndroidManifest.xml:51:13-61:29
182                <action android:name="android.intent.action.VIEW" />
182-->src/main/AndroidManifest.xml:42:16-68
182-->src/main/AndroidManifest.xml:42:24-65
183
184                <category android:name="android.intent.category.DEFAULT" />
184-->src/main/AndroidManifest.xml:43:16-75
184-->src/main/AndroidManifest.xml:43:26-72
185                <category android:name="android.intent.category.BROWSABLE" />
185-->src/main/AndroidManifest.xml:44:16-77
185-->src/main/AndroidManifest.xml:44:26-74
186
187                <data
187-->src/main/AndroidManifest.xml:45:16-74
188                    android:host="firebase.auth"
189                    android:path="/"
190                    android:scheme="recaptcha" />
190-->src/main/AndroidManifest.xml:45:22-71
191            </intent-filter>
192        </activity>
193
194        <provider
194-->[com.google.firebase:firebase-common:20.1.2] AndroidManifest.xml:26:9-31:39
195            android:name="com.google.firebase.provider.FirebaseInitProvider"
195-->[com.google.firebase:firebase-common:20.1.2] AndroidManifest.xml:27:13-77
196            android:authorities="com.jafton.morphzing.firebaseinitprovider"
196-->[com.google.firebase:firebase-common:20.1.2] AndroidManifest.xml:28:13-72
197            android:directBootAware="true"
197-->[com.google.firebase:firebase-common:20.1.2] AndroidManifest.xml:29:13-43
198            android:exported="false"
198-->[com.google.firebase:firebase-common:20.1.2] AndroidManifest.xml:30:13-37
199            android:initOrder="100" />
199-->[com.google.firebase:firebase-common:20.1.2] AndroidManifest.xml:31:13-36
200
201        <activity android:name="com.facebook.CustomTabMainActivity" />
201-->[com.facebook.android:facebook-common:14.1.1] AndroidManifest.xml:38:9-71
201-->[com.facebook.android:facebook-common:14.1.1] AndroidManifest.xml:38:19-68
202        <activity
202-->[com.google.android.gms:play-services-auth:20.0.1] AndroidManifest.xml:23:9-27:75
203            android:name="com.google.android.gms.auth.api.signin.internal.SignInHubActivity"
203-->[com.google.android.gms:play-services-auth:20.0.1] AndroidManifest.xml:24:13-93
204            android:excludeFromRecents="true"
204-->[com.google.android.gms:play-services-auth:20.0.1] AndroidManifest.xml:25:13-46
205            android:exported="false"
205-->[com.google.android.gms:play-services-auth:20.0.1] AndroidManifest.xml:26:13-37
206            android:theme="@android:style/Theme.Translucent.NoTitleBar" />
206-->[com.google.android.gms:play-services-auth:20.0.1] AndroidManifest.xml:27:13-72
207        <!--
208            Service handling Google Sign-In user revocation. For apps that do not integrate with
209            Google Sign-In, this service will never be started.
210        -->
211        <service
211-->[com.google.android.gms:play-services-auth:20.0.1] AndroidManifest.xml:33:9-37:51
212            android:name="com.google.android.gms.auth.api.signin.RevocationBoundService"
212-->[com.google.android.gms:play-services-auth:20.0.1] AndroidManifest.xml:34:13-89
213            android:exported="true"
213-->[com.google.android.gms:play-services-auth:20.0.1] AndroidManifest.xml:35:13-36
214            android:permission="com.google.android.gms.auth.api.signin.permission.REVOCATION_NOTIFICATION"
214-->[com.google.android.gms:play-services-auth:20.0.1] AndroidManifest.xml:36:13-107
215            android:visibleToInstantApps="true" />
215-->[com.google.android.gms:play-services-auth:20.0.1] AndroidManifest.xml:37:13-48
216
217        <activity
217-->[com.google.android.gms:play-services-base:18.0.1] AndroidManifest.xml:20:9-22:45
218            android:name="com.google.android.gms.common.api.GoogleApiActivity"
218-->[com.google.android.gms:play-services-base:18.0.1] AndroidManifest.xml:20:19-85
219            android:exported="false"
219-->[com.google.android.gms:play-services-base:18.0.1] AndroidManifest.xml:22:19-43
220            android:theme="@android:style/Theme.Translucent.NoTitleBar" />
220-->[com.google.android.gms:play-services-base:18.0.1] AndroidManifest.xml:21:19-78
221
222        <receiver
222-->[com.google.android.gms:play-services-measurement:21.1.1] AndroidManifest.xml:29:9-33:20
223            android:name="com.google.android.gms.measurement.AppMeasurementReceiver"
223-->[com.google.android.gms:play-services-measurement:21.1.1] AndroidManifest.xml:30:13-85
224            android:enabled="true"
224-->[com.google.android.gms:play-services-measurement:21.1.1] AndroidManifest.xml:31:13-35
225            android:exported="false" >
225-->[com.google.android.gms:play-services-measurement:21.1.1] AndroidManifest.xml:32:13-37
226        </receiver>
227
228        <service
228-->[com.google.android.gms:play-services-measurement:21.1.1] AndroidManifest.xml:35:9-38:40
229            android:name="com.google.android.gms.measurement.AppMeasurementService"
229-->[com.google.android.gms:play-services-measurement:21.1.1] AndroidManifest.xml:36:13-84
230            android:enabled="true"
230-->[com.google.android.gms:play-services-measurement:21.1.1] AndroidManifest.xml:37:13-35
231            android:exported="false" />
231-->[com.google.android.gms:play-services-measurement:21.1.1] AndroidManifest.xml:38:13-37
232        <service
232-->[com.google.android.gms:play-services-measurement:21.1.1] AndroidManifest.xml:39:9-43:72
233            android:name="com.google.android.gms.measurement.AppMeasurementJobService"
233-->[com.google.android.gms:play-services-measurement:21.1.1] AndroidManifest.xml:40:13-87
234            android:enabled="true"
234-->[com.google.android.gms:play-services-measurement:21.1.1] AndroidManifest.xml:41:13-35
235            android:exported="false"
235-->[com.google.android.gms:play-services-measurement:21.1.1] AndroidManifest.xml:42:13-37
236            android:permission="android.permission.BIND_JOB_SERVICE" />
236-->[com.google.android.gms:play-services-measurement:21.1.1] AndroidManifest.xml:43:13-69
237
238        <meta-data
238-->[com.google.android.gms:play-services-basement:18.1.0] AndroidManifest.xml:21:9-23:69
239            android:name="com.google.android.gms.version"
239-->[com.google.android.gms:play-services-basement:18.1.0] AndroidManifest.xml:22:13-58
240            android:value="@integer/google_play_services_version" />
240-->[com.google.android.gms:play-services-basement:18.1.0] AndroidManifest.xml:23:13-66
241        <!--
242         The initialization ContentProvider will call FacebookSdk.sdkInitialize automatically
243         with the application context. This config is merged in with the host app's manifest,
244         but there can only be one provider with the same authority activated at any given
245         point; so if the end user has two or more different apps that use Facebook SDK, only the
246         first one will be able to use the provider. To work around this problem, we use the
247         following placeholder in the authority to identify each host application as if it was
248         a completely different provider.
249        -->
250        <provider
250-->[com.facebook.android:facebook-core:14.1.1] AndroidManifest.xml:41:9-44:40
251            android:name="com.facebook.internal.FacebookInitProvider"
251-->[com.facebook.android:facebook-core:14.1.1] AndroidManifest.xml:42:13-70
252            android:authorities="com.jafton.morphzing.FacebookInitProvider"
252-->[com.facebook.android:facebook-core:14.1.1] AndroidManifest.xml:43:13-72
253            android:exported="false" />
253-->[com.facebook.android:facebook-core:14.1.1] AndroidManifest.xml:44:13-37
254
255        <receiver
255-->[com.facebook.android:facebook-core:14.1.1] AndroidManifest.xml:46:9-52:20
256            android:name="com.facebook.CurrentAccessTokenExpirationBroadcastReceiver"
256-->[com.facebook.android:facebook-core:14.1.1] AndroidManifest.xml:47:13-86
257            android:exported="false" >
257-->[com.facebook.android:facebook-core:14.1.1] AndroidManifest.xml:48:13-37
258            <intent-filter>
258-->[com.facebook.android:facebook-core:14.1.1] AndroidManifest.xml:49:13-51:29
259                <action android:name="com.facebook.sdk.ACTION_CURRENT_ACCESS_TOKEN_CHANGED" />
259-->[com.facebook.android:facebook-core:14.1.1] AndroidManifest.xml:50:17-95
259-->[com.facebook.android:facebook-core:14.1.1] AndroidManifest.xml:50:25-92
260            </intent-filter>
261        </receiver>
262        <receiver
262-->[com.facebook.android:facebook-core:14.1.1] AndroidManifest.xml:53:9-59:20
263            android:name="com.facebook.AuthenticationTokenManager$CurrentAuthenticationTokenChangedBroadcastReceiver"
263-->[com.facebook.android:facebook-core:14.1.1] AndroidManifest.xml:54:13-118
264            android:exported="false" >
264-->[com.facebook.android:facebook-core:14.1.1] AndroidManifest.xml:55:13-37
265            <intent-filter>
265-->[com.facebook.android:facebook-core:14.1.1] AndroidManifest.xml:56:13-58:29
266                <action android:name="com.facebook.sdk.ACTION_CURRENT_AUTHENTICATION_TOKEN_CHANGED" />
266-->[com.facebook.android:facebook-core:14.1.1] AndroidManifest.xml:57:17-103
266-->[com.facebook.android:facebook-core:14.1.1] AndroidManifest.xml:57:25-100
267            </intent-filter>
268        </receiver>
269    </application>
270
271</manifest>